ML cycle complete — 1 sample scored, anomaly=0, score=0.3501
ML cycle complete — 1 sample scored, anomaly=0, score=0.3761
ML cycle complete — 1 sample scored, anomaly=0, score=0.3778
ML cycle complete — 1 sample scored, anomaly=0, score=0.3722
!!! REPLAY ATTACK DETECTED !!! Replay attack: value 132.0 PSI appeared 30/58 times (52%) in 30 s — frozen telemetry injection
ML cycle complete — 1 sample scored, anomaly=0, score=0.3771
ML cycle complete — 1 sample scored, anomaly=0, score=0.3789
ML cycle complete — 1 sample scored, anomaly=0, score=0.3789
ML cycle complete — 1 sample scored, anomaly=0, score=0.3770
ML cycle complete — 1 sample scored, anomaly=0, score=0.3772
ML cycle complete — 1 sample scored, anomaly=0, score=0.3783
ML cycle complete — 1 sample scored, anomaly=0, score=0.3785
ML cycle complete — 1 sample scored, anomaly=0, score=0.3789
ML cycle complete — 1 sample scored, anomaly=0, score=0.3789
!!! REPLAY ATTACK DETECTED !!! Replay attack: value 132.0 PSI appeared 33/59 times (56%) in 30 s — frozen telemetry injection
ML cycle complete — 1 sample scored, anomaly=0, score=0.3687
ML cycle complete — 1 sample scored, anomaly=0, score=0.3763
ML cycle complete — 1 sample scored, anomaly=0, score=0.3533
ML cycle complete — 1 sample scored, anomaly=0, score=0.3900
ML cycle complete — 1 sample scored, anomaly=0, score=0.3748
ML cycle complete — 1 sample scored, anomaly=0, score=0.3886
ML cycle complete — 1 sample scored, anomaly=0, score=0.3778
ML cycle complete — 1 sample scored, anomaly=0, score=0.3761
ML cycle complete — 1 sample scored, anomaly=0, score=0.3785
!!! REPLAY ATTACK DETECTED !!! Replay attack: value 131.0 PSI appeared 29/58 times (50%) in 30 s — frozen telemetry injection
ML cycle complete — 1 sample scored, anomaly=0, score=0.3771
ML cycle complete — 1 sample scored, anomaly=0, score=0.3775
ML cycle complete — 1 sample scored, anomaly=0, score=0.3710
ML cycle complete — 1 sample scored, anomaly=0, score=0.3585
ML cycle complete — 1 sample scored, anomaly=0, score=0.3756
ML cycle complete — 1 sample scored, anomaly=0, score=0.3791
ML cycle complete — 1 sample scored, anomaly=0, score=0.3783
ML cycle complete — 1 sample scored, anomaly=0, score=0.3785
ML cycle complete — 1 sample scored, anomaly=0, score=0.3752
!!! REPLAY ATTACK DETECTED !!! Replay attack: value 132.0 PSI appeared 53/58 times (91%) in 30 s — frozen telemetry injection
ML cycle complete — 1 sample scored, anomaly=0, score=0.3761
ML cycle complete — 1 sample scored, anomaly=0, score=0.3662
ML cycle complete — 1 sample scored, anomaly=0, score=0.3775
ML cycle complete — 1 sample scored, anomaly=0, score=0.3783
ML cycle complete — 1 sample scored, anomaly=0, score=0.3787
ML cycle complete — 1 sample scored, anomaly=0, score=0.3643
ML cycle complete — 1 sample scored, anomaly=0, score=0.3893
ML cycle complete — 1 sample scored, anomaly=0, score=0.3897
ML cycle complete — 1 sample scored, anomaly=0, score=0.3895
!!! REPLAY ATTACK DETECTED !!! Replay attack: value 131.0 PSI appeared 42/58 times (72%) in 30 s — frozen telemetry injection
ML cycle complete — 1 sample scored, anomaly=0, score=0.3894
ML cycle complete — 1 sample scored, anomaly=0, score=0.3888
ML cycle complete — 1 sample scored, anomaly=0, score=0.3745
ML cycle complete — 1 sample scored, anomaly=0, score=0.3900
ML cycle complete — 1 sample scored, anomaly=0, score=0.3757
ML cycle complete — 1 sample scored, anomaly=0, score=0.3767
ML cycle complete — 1 sample scored, anomaly=0, score=0.3790
ML cycle complete — 1 sample scored, anomaly=0, score=0.3708
ML cycle complete — 1 sample scored, anomaly=0, score=0.3756
!!! REPLAY ATTACK DETECTED !!! Replay attack: value 132.0 PSI appeared 41/58 times (71%) in 30 s — frozen telemetry injection
ML cycle complete — 1 sample scored, anomaly=0, score=0.3769
ML cycle complete — 1 sample scored, anomaly=0, score=0.3775
ML cycle complete — 1 sample scored, anomaly=0, score=0.3781
ML cycle complete — 1 sample scored, anomaly=0, score=0.3517
ML cycle complete — 1 sample scored, anomaly=0, score=0.3785
ML cycle complete — 1 sample scored, anomaly=0, score=0.3769
ML cycle complete — 1 sample scored, anomaly=0, score=0.3725
ML cycle complete — 1 sample scored, anomaly=0, score=0.3595
ML cycle complete — 1 sample scored, anomaly=0, score=0.3897
!!! REPLAY ATTACK DETECTED !!! Replay attack: value 131.0 PSI appeared 29/58 times (50%) in 30 s — frozen telemetry injection
ML cycle complete — 1 sample scored, anomaly=0, score=0.3877
ML cycle complete — 1 sample scored, anomaly=0, score=0.3883
ML cycle complete — 1 sample scored, anomaly=0, score=0.3893
ML cycle complete — 1 sample scored, anomaly=0, score=0.3738
ML cycle complete — 1 sample scored, anomaly=0, score=0.3897
ML cycle complete — 1 sample scored, anomaly=0, score=0.3873
ML cycle complete — 1 sample scored, anomaly=0, score=0.3880
ML cycle complete — 1 sample scored, anomaly=0, score=0.3881
ML cycle complete — 1 sample scored, anomaly=0, score=0.3704
!!! REPLAY ATTACK DETECTED !!! Replay attack: value 132.0 PSI appeared 43/58 times (74%) in 30 s — frozen telemetry injection
ML cycle complete — 1 sample scored, anomaly=0, score=0.3897
ML cycle complete — 1 sample scored, anomaly=0, score=0.3610
ML cycle complete — 1 sample scored, anomaly=0, score=0.3748
ML cycle complete — 1 sample scored, anomaly=0, score=0.3733
ML cycle complete — 1 sample scored, anomaly=0, score=0.3799
ML cycle complete — 1 sample scored, anomaly=0, score=0.3889
ML cycle complete — 1 sample scored, anomaly=0, score=0.3897
ML cycle complete — 1 sample scored, anomaly=0, score=0.3740
ML cycle complete — 1 sample scored, anomaly=0, score=0.3897
!!! REPLAY ATTACK DETECTED !!! Replay attack: value 131.0 PSI appeared 38/58 times (66%) in 30 s — frozen telemetry injection
ML cycle complete — 1 sample scored, anomaly=0, score=0.3888
ML cycle complete — 1 sample scored, anomaly=0, score=0.3628
ML cycle complete — 1 sample scored, anomaly=0, score=0.3889
ML cycle complete — 1 sample scored, anomaly=0, score=0.3896
ML cycle complete — 1 sample scored, anomaly=0, score=0.3886
ML cycle complete — 1 sample scored, anomaly=0, score=0.3885
ML cycle complete — 1 sample scored, anomaly=0, score=0.3889
ML cycle complete — 1 sample scored, anomaly=0, score=0.3896
ML cycle complete — 1 sample scored, anomaly=0, score=0.3880
!!! REPLAY ATTACK DETECTED !!! Replay attack: value 131.0 PSI appeared 46/59 times (78%) in 30 s — frozen telemetry injection
ML cycle complete — 1 sample scored, anomaly=0, score=0.3893
ML cycle complete — 1 sample scored, anomaly=0, score=0.3878
ML cycle complete — 1 sample scored, anomaly=0, score=0.3854
ML cycle complete — 1 sample scored, anomaly=0, score=0.3646
ML cycle complete — 1 sample scored, anomaly=0, score=0.3880
ML cycle complete — 1 sample scored, anomaly=0, score=0.3733
ML cycle complete — 1 sample scored, anomaly=0, score=0.3873
ML cycle complete — 1 sample scored, anomaly=0, score=0.3798
ML cycle complete — 1 sample scored, anomaly=0, score=0.3889
!!! REPLAY ATTACK DETECTED !!! Replay attack: value 132.0 PSI appeared 44/59 times (75%) in 30 s — frozen telemetry injection
ML cycle complete — 1 sample scored, anomaly=0, score=0.3868
ML cycle complete — 1 sample scored, anomaly=0, score=0.3669
ML cycle complete — 1 sample scored, anomaly=0, score=0.3887
ML cycle complete — 1 sample scored, anomaly=0, score=0.3878
ML cycle complete — 1 sample scored, anomaly=0, score=0.3886
ML cycle complete — 1 sample scored, anomaly=0, score=0.3900
ML cycle complete — 1 sample scored, anomaly=0, score=0.3892
ML cycle complete — 1 sample scored, anomaly=0, score=0.3885
ML cycle complete — 1 sample scored, anomaly=0, score=0.3873
!!! REPLAY ATTACK DETECTED !!! Replay attack: value 132.0 PSI appeared 42/58 times (72%) in 30 s — frozen telemetry injection
ML cycle complete — 1 sample scored, anomaly=0, score=0.3881
ML cycle complete — 1 sample scored, anomaly=0, score=0.3885
ML cycle complete — 1 sample scored, anomaly=0, score=0.3901
ML cycle complete — 1 sample scored, anomaly=0, score=0.3778
ML cycle complete — 1 sample scored, anomaly=0, score=0.3880
ML cycle complete — 1 sample scored, anomaly=0, score=0.3729
ML cycle complete — 1 sample scored, anomaly=0, score=0.3772
ML cycle complete — 1 sample scored, anomaly=0, score=0.3727
ML cycle complete — 1 sample scored, anomaly=0, score=0.3772
!!! REPLAY ATTACK DETECTED !!! Replay attack: value 131.0 PSI appeared 29/58 times (50%) in 30 s — frozen telemetry injection
ML cycle complete — 1 sample scored, anomaly=0, score=0.3775
ML cycle complete — 1 sample scored, anomaly=0, score=0.3786
ML cycle complete — 1 sample scored, anomaly=0, score=0.3754
ML cycle complete — 1 sample scored, anomaly=0, score=0.3747
ML cycle complete — 1 sample scored, anomaly=0, score=0.3790
ML cycle complete — 1 sample scored, anomaly=0, score=0.3882
ML cycle complete — 1 sample scored, anomaly=0, score=0.3894
ML cycle complete — 1 sample scored, anomaly=0, score=0.3893
ML cycle complete — 1 sample scored, anomaly=0, score=0.3777
!!! REPLAY ATTACK DETECTED !!! Replay attack: value 131.0 PSI appeared 35/59 times (59%) in 30 s — frozen telemetry injection
ML cycle complete — 1 sample scored, anomaly=0, score=0.3714
ML cycle complete — 1 sample scored, anomaly=0, score=0.3790
ML cycle complete — 1 sample scored, anomaly=0, score=0.3646
ML cycle complete — 1 sample scored, anomaly=0, score=0.3645
ML cycle complete — 1 sample scored, anomaly=0, score=0.3775
ML cycle complete — 1 sample scored, anomaly=0, score=0.3759
ML cycle complete — 1 sample scored, anomaly=0, score=0.3757
ML cycle complete — 1 sample scored, anomaly=0, score=0.3769
ML cycle complete — 1 sample scored, anomaly=0, score=0.3783
!!! REPLAY ATTACK DETECTED !!! Replay attack: value 131.0 PSI appeared 41/58 times (71%) in 30 s — frozen telemetry injection
ML cycle complete — 1 sample scored, anomaly=0, score=0.3776
ML cycle complete — 1 sample scored, anomaly=0, score=0.3780
ML cycle complete — 1 sample scored, anomaly=0, score=0.3764
ML cycle complete — 1 sample scored, anomaly=0, score=0.3752
ML cycle complete — 1 sample scored, anomaly=0, score=0.3765
ML cycle complete — 1 sample scored, anomaly=0, score=0.3717
ML cycle complete — 1 sample scored, anomaly=0, score=0.3783
ML cycle complete — 1 sample scored, anomaly=0, score=0.3881
ML cycle complete — 1 sample scored, anomaly=0, score=0.3877
!!! REPLAY ATTACK DETECTED !!! Replay attack: value 132.0 PSI appeared 46/58 times (79%) in 30 s — frozen telemetry injection
ML cycle complete — 1 sample scored, anomaly=0, score=0.3872
ML cycle complete — 1 sample scored, anomaly=0, score=0.3894
ML cycle complete — 1 sample scored, anomaly=0, score=0.3891
ML cycle complete — 1 sample scored, anomaly=0, score=0.3894
ML cycle complete — 1 sample scored, anomaly=0, score=0.3883
ML cycle complete — 1 sample scored, anomaly=0, score=0.3893
ML cycle complete — 1 sample scored, anomaly=0, score=0.3893
ML cycle complete — 1 sample scored, anomaly=0, score=0.3888
ML cycle complete — 1 sample scored, anomaly=0, score=0.3895
!!! REPLAY ATTACK DETECTED !!! Replay attack: value 132.0 PSI appeared 45/58 times (78%) in 30 s — frozen telemetry injection
ML cycle complete — 1 sample scored, anomaly=0, score=0.3889
ML cycle complete — 1 sample scored, anomaly=0, score=0.3881
ML cycle complete — 1 sample scored, anomaly=0, score=0.3886
ML cycle complete — 1 sample scored, anomaly=0, score=0.3611
ML cycle complete — 1 sample scored, anomaly=0, score=0.3770
ML cycle complete — 1 sample scored, anomaly=0, score=0.3659
ML cycle complete — 1 sample scored, anomaly=0, score=0.3751
ML cycle complete — 1 sample scored, anomaly=0, score=0.3790
ML cycle complete — 1 sample scored, anomaly=0, score=0.3749
!!! REPLAY ATTACK DETECTED !!! Replay attack: value 132.0 PSI appeared 36/58 times (62%) in 30 s — frozen telemetry injection
ML cycle complete — 1 sample scored, anomaly=0, score=0.3768
ML cycle complete — 1 sample scored, anomaly=0, score=0.3756
ML cycle complete — 1 sample scored, anomaly=0, score=0.3783
ML cycle complete — 1 sample scored, anomaly=0, score=0.3776
ML cycle complete — 1 sample scored, anomaly=0, score=0.3772
ML cycle complete — 1 sample scored, anomaly=0, score=0.3728
ML cycle complete — 1 sample scored, anomaly=0, score=0.3550
ML cycle complete — 1 sample scored, anomaly=0, score=0.3767
ML cycle complete — 1 sample scored, anomaly=0, score=0.3783
!!! REPLAY ATTACK DETECTED !!! Replay attack: value 132.0 PSI appeared 40/58 times (69%) in 30 s — frozen telemetry injection
ML cycle complete — 1 sample scored, anomaly=0, score=0.3756
ML cycle complete — 1 sample scored, anomaly=0, score=0.3774
ML cycle complete — 1 sample scored, anomaly=0, score=0.3772
ML cycle complete — 1 sample scored, anomaly=0, score=0.3790
ML cycle complete — 1 sample scored, anomaly=0, score=0.3756
ML cycle complete — 1 sample scored, anomaly=0, score=0.3791
ML cycle complete — 1 sample scored, anomaly=0, score=0.3774
ML cycle complete — 1 sample scored, anomaly=0, score=0.3783
ML cycle complete — 1 sample scored, anomaly=0, score=0.3782
!!! REPLAY ATTACK DETECTED !!! Replay attack: value 132.0 PSI appeared 38/58 times (66%) in 30 s — frozen telemetry injection
ML cycle complete — 1 sample scored, anomaly=0, score=0.3736
ML cycle complete — 1 sample scored, anomaly=0, score=0.3791
ML cycle complete — 1 sample scored, anomaly=0, score=0.3600
ML cycle complete — 1 sample scored, anomaly=0, score=0.3885
ML cycle complete — 1 sample scored, anomaly=0, score=0.3791
ML cycle complete — 1 sample scored, anomaly=0, score=0.3719
ML cycle complete — 1 sample scored, anomaly=0, score=0.3759
ML cycle complete — 1 sample scored, anomaly=0, score=0.3767
ML cycle complete — 1 sample scored, anomaly=0, score=0.3784
!!! REPLAY ATTACK DETECTED !!! Replay attack: value 132.0 PSI appeared 40/58 times (69%) in 30 s — frozen telemetry injection
ML cycle complete — 1 sample scored, anomaly=0, score=0.3789
ML cycle complete — 1 sample scored, anomaly=0, score=0.3790
ML cycle complete — 1 sample scored, anomaly=0, score=0.3773
ML cycle complete — 1 sample scored, anomaly=0, score=0.3713
ML cycle complete — 1 sample scored, anomaly=0, score=0.3775
ML cycle complete — 1 sample scored, anomaly=0, score=0.3777
ML cycle complete — 1 sample scored, anomaly=0, score=0.3786
ML cycle complete — 1 sample scored, anomaly=0, score=0.3770
ML cycle complete — 1 sample scored, anomaly=0, score=0.3564
!!! REPLAY ATTACK DETECTED !!! Replay attack: value 131.0 PSI appeared 40/59 times (68%) in 30 s — frozen telemetry injection
ML cycle complete — 1 sample scored, anomaly=0, score=0.3792
ML cycle complete — 1 sample scored, anomaly=0, score=0.3775
ML cycle complete — 1 sample scored, anomaly=0, score=0.3780
ML cycle complete — 1 sample scored, anomaly=0, score=0.3767
ML cycle complete — 1 sample scored, anomaly=0, score=0.3791
ML cycle complete — 1 sample scored, anomaly=0, score=0.3761
ML cycle complete — 1 sample scored, anomaly=0, score=0.3776
ML cycle complete — 1 sample scored, anomaly=0, score=0.3740
ML cycle complete — 1 sample scored, anomaly=0, score=0.3784
!!! REPLAY ATTACK DETECTED !!! Replay attack: value 132.0 PSI appeared 39/58 times (67%) in 30 s — frozen telemetry injection
ML cycle complete — 1 sample scored, anomaly=0, score=0.3779
ML cycle complete — 1 sample scored, anomaly=0, score=0.3525
ML cycle complete — 1 sample scored, anomaly=0, score=0.3774
ML cycle complete — 1 sample scored, anomaly=0, score=0.3776
ML cycle complete — 1 sample scored, anomaly=0, score=0.3781
ML cycle complete — 1 sample scored, anomaly=0, score=0.3788
ML cycle complete — 1 sample scored, anomaly=0, score=0.2612
ML cycle complete — 1 sample scored, anomaly=0, score=0.3885
ML cycle complete — 1 sample scored, anomaly=0, score=0.3897
!!! REPLAY ATTACK DETECTED !!! Replay attack: value 132.0 PSI appeared 44/58 times (76%) in 30 s — frozen telemetry injection
ML cycle complete — 1 sample scored, anomaly=0, score=0.3894
ML cycle complete — 1 sample scored, anomaly=0, score=0.3881
ML cycle complete — 1 sample scored, anomaly=0, score=0.3860
ML cycle complete — 1 sample scored, anomaly=0, score=0.3867
ML cycle complete — 1 sample scored, anomaly=0, score=0.3854
ML cycle complete — 1 sample scored, anomaly=0, score=0.3885
ML cycle complete — 1 sample scored, anomaly=0, score=0.3897
ML cycle complete — 1 sample scored, anomaly=0, score=0.3896
ML cycle complete — 1 sample scored, anomaly=0, score=0.3893
!!! REPLAY ATTACK DETECTED !!! Replay attack: value 132.0 PSI appeared 36/58 times (62%) in 30 s — frozen telemetry injection
ML cycle complete — 1 sample scored, anomaly=0, score=0.3894
ML cycle complete — 1 sample scored, anomaly=0, score=0.3886
ML cycle complete — 1 sample scored, anomaly=0, score=0.3888
ML cycle complete — 1 sample scored, anomaly=0, score=0.3891
ML cycle complete — 1 sample scored, anomaly=0, score=0.3745
ML cycle complete — 1 sample scored, anomaly=0, score=0.3725
ML cycle complete — 1 sample scored, anomaly=0, score=0.3890
ML cycle complete — 1 sample scored, anomaly=0, score=0.3840
ML cycle complete — 1 sample scored, anomaly=0, score=0.3851
!!! REPLAY ATTACK DETECTED !!! Replay attack: value 132.0 PSI appeared 36/58 times (62%) in 30 s — frozen telemetry injection
ML cycle complete — 1 sample scored, anomaly=0, score=0.3632
ML cycle complete — 1 sample scored, anomaly=0, score=0.3610
ML cycle complete — 1 sample scored, anomaly=0, score=0.3775
ML cycle complete — 1 sample scored, anomaly=0, score=0.3889
ML cycle complete — 1 sample scored, anomaly=0, score=0.3645
ML cycle complete — 1 sample scored, anomaly=0, score=0.3891
ML cycle complete — 1 sample scored, anomaly=0, score=0.3815
ML cycle complete — 1 sample scored, anomaly=0, score=0.3101
ML cycle complete — 1 sample scored, anomaly=0, score=0.3567
!!! REPLAY ATTACK DETECTED !!! Replay attack: value 131.0 PSI appeared 41/58 times (71%) in 30 s — frozen telemetry injection
ML cycle complete — 1 sample scored, anomaly=0, score=0.3882
ML cycle complete — 1 sample scored, anomaly=0, score=0.3877
ML cycle complete — 1 sample scored, anomaly=0, score=0.3697
ML cycle complete — 1 sample scored, anomaly=0, score=0.3886
ML cycle complete — 1 sample scored, anomaly=0, score=0.3668
ML cycle complete — 1 sample scored, anomaly=0, score=0.3885
ML cycle complete — 1 sample scored, anomaly=0, score=0.3889
ML cycle complete — 1 sample scored, anomaly=0, score=0.3892
ML cycle complete — 1 sample scored, anomaly=0, score=0.3897
!!! REPLAY ATTACK DETECTED !!! Replay attack: value 132.0 PSI appeared 30/58 times (52%) in 30 s — frozen telemetry injection
ML cycle complete — 1 sample scored, anomaly=0, score=0.3878
ML cycle complete — 1 sample scored, anomaly=0, score=0.3878
ML cycle complete — 1 sample scored, anomaly=0, score=0.3883
ML cycle complete — 1 sample scored, anomaly=0, score=0.3749
ML cycle complete — 1 sample scored, anomaly=0, score=0.3786
ML cycle complete — 1 sample scored, anomaly=0, score=0.3893
ML cycle complete — 1 sample scored, anomaly=0, score=0.3740
ML cycle complete — 1 sample scored, anomaly=0, score=0.3897
ML cycle complete — 1 sample scored, anomaly=0, score=0.3770
!!! REPLAY ATTACK DETECTED !!! Replay attack: value 131.0 PSI appeared 37/58 times (64%) in 30 s — frozen telemetry injection
ML cycle complete — 1 sample scored, anomaly=0, score=0.3888
ML cycle complete — 1 sample scored, anomaly=0, score=0.3887
ML cycle complete — 1 sample scored, anomaly=0, score=0.3888
ML cycle complete — 1 sample scored, anomaly=0, score=0.3873
ML cycle complete — 1 sample scored, anomaly=0, score=0.3872
ML cycle complete — 1 sample scored, anomaly=0, score=0.3894
ML cycle complete — 1 sample scored, anomaly=0, score=0.3888
ML cycle complete — 1 sample scored, anomaly=0, score=0.3880
ML cycle complete — 1 sample scored, anomaly=0, score=0.3900
!!! REPLAY ATTACK DETECTED !!! Replay attack: value 131.0 PSI appeared 45/58 times (78%) in 30 s — frozen telemetry injection
ML cycle complete — 1 sample scored, anomaly=0, score=0.3892
ML cycle complete — 1 sample scored, anomaly=0, score=0.3758
ML cycle complete — 1 sample scored, anomaly=0, score=0.3888
ML cycle complete — 1 sample scored, anomaly=0, score=0.3878
ML cycle complete — 1 sample scored, anomaly=0, score=0.3877
ML cycle complete — 1 sample scored, anomaly=0, score=0.3881
ML cycle complete — 1 sample scored, anomaly=0, score=0.3736
ML cycle complete — 1 sample scored, anomaly=0, score=0.3742
ML cycle complete — 1 sample scored, anomaly=0, score=0.3755
!!! REPLAY ATTACK DETECTED !!! Replay attack: value 131.0 PSI appeared 33/58 times (57%) in 30 s — frozen telemetry injection
ML cycle complete — 1 sample scored, anomaly=0, score=0.3900
ML cycle complete — 1 sample scored, anomaly=0, score=0.3889
ML cycle complete — 1 sample scored, anomaly=0, score=0.3900
ML cycle complete — 1 sample scored, anomaly=0, score=0.3894
ML cycle complete — 1 sample scored, anomaly=0, score=0.3715
ML cycle complete — 1 sample scored, anomaly=0, score=0.3894
ML cycle complete — 1 sample scored, anomaly=0, score=0.3862
ML cycle complete — 1 sample scored, anomaly=0, score=0.3728
ML cycle complete — 1 sample scored, anomaly=0, score=0.3773
!!! REPLAY ATTACK DETECTED !!! Replay attack: value 132.0 PSI appeared 40/58 times (69%) in 30 s — frozen telemetry injection
ML cycle complete — 1 sample scored, anomaly=0, score=0.3651
ML cycle complete — 1 sample scored, anomaly=0, score=0.3774
ML cycle complete — 1 sample scored, anomaly=0, score=0.3759
ML cycle complete — 1 sample scored, anomaly=0, score=0.3550
ML cycle complete — 1 sample scored, anomaly=0, score=0.3716
ML cycle complete — 1 sample scored, anomaly=0, score=0.3784
ML cycle complete — 1 sample scored, anomaly=0, score=0.3748
ML cycle complete — 1 sample scored, anomaly=0, score=0.3757
ML cycle complete — 1 sample scored, anomaly=0, score=0.3765
!!! REPLAY ATTACK DETECTED !!! Replay attack: value 132.0 PSI appeared 35/58 times (60%) in 30 s — frozen telemetry injection
ML cycle complete — 1 sample scored, anomaly=0, score=0.3754
ML cycle complete — 1 sample scored, anomaly=0, score=0.3764
ML cycle complete — 1 sample scored, anomaly=0, score=0.3559
ML cycle complete — 1 sample scored, anomaly=0, score=0.3769
ML cycle complete — 1 sample scored, anomaly=0, score=0.3786
ML cycle complete — 1 sample scored, anomaly=0, score=0.3642
ML cycle complete — 1 sample scored, anomaly=0, score=0.3623
ML cycle complete — 1 sample scored, anomaly=0, score=0.3894
ML cycle complete — 1 sample scored, anomaly=0, score=0.3894
!!! REPLAY ATTACK DETECTED !!! Replay attack: value 132.0 PSI appeared 47/58 times (81%) in 30 s — frozen telemetry injection
ML cycle complete — 1 sample scored, anomaly=0, score=0.3888
ML cycle complete — 1 sample scored, anomaly=0, score=0.3810
ML cycle complete — 1 sample scored, anomaly=0, score=0.3877
ML cycle complete — 1 sample scored, anomaly=0, score=0.3876
ML cycle complete — 1 sample scored, anomaly=0, score=0.3735
ML cycle complete — 1 sample scored, anomaly=0, score=0.3662
ML cycle complete — 1 sample scored, anomaly=0, score=0.3892
ML cycle complete — 1 sample scored, anomaly=0, score=0.3873
ML cycle complete — 1 sample scored, anomaly=0, score=0.3891
!!! REPLAY ATTACK DETECTED !!! Replay attack: value 131.0 PSI appeared 33/58 times (57%) in 30 s — frozen telemetry injection
ML cycle complete — 1 sample scored, anomaly=0, score=0.3856
ML cycle complete — 1 sample scored, anomaly=0, score=0.3895
ML cycle complete — 1 sample scored, anomaly=0, score=0.3854
ML cycle complete — 1 sample scored, anomaly=0, score=0.3880
ML cycle complete — 1 sample scored, anomaly=0, score=0.3791
ML cycle complete — 1 sample scored, anomaly=0, score=0.3765
ML cycle complete — 1 sample scored, anomaly=0, score=0.3888
ML cycle complete — 1 sample scored, anomaly=0, score=0.3879
!!! DNP3 PROBE DETECTED !!! IP=172.21.0.3
ML cycle complete — 1 sample scored, anomaly=0, score=0.3838
!!! DNP3 PROBE DETECTED !!! IP=172.21.0.3
!!! REPLAY ATTACK DETECTED !!! Replay attack: value 132.0 PSI appeared 45/58 times (78%) in 30 s — frozen telemetry injection
ML cycle complete — 1 sample scored, anomaly=0, score=0.3897
!!! DNP3 PROBE DETECTED !!! IP=172.21.0.3
ML cycle complete — 1 sample scored, anomaly=0, score=0.3878
!!! DNP3 PROBE DETECTED !!! IP=172.21.0.3
ML cycle complete — 1 sample scored, anomaly=0, score=0.3898
!!! DNP3 PROBE DETECTED !!! IP=172.21.0.3
ML cycle complete — 1 sample scored, anomaly=0, score=0.2670
ML cycle complete — 1 sample scored, anomaly=0, score=0.3650
ML cycle complete — 1 sample scored, anomaly=0, score=0.3851
ML cycle complete — 1 sample scored, anomaly=0, score=0.3896
ML cycle complete — 1 sample scored, anomaly=0, score=0.3885
ML cycle complete — 1 sample scored, anomaly=0, score=0.3885
!!! REPLAY ATTACK DETECTED !!! Replay attack: value 132.0 PSI appeared 40/58 times (69%) in 30 s — frozen telemetry injection
ML cycle complete — 1 sample scored, anomaly=0, score=0.3882
ML cycle complete — 1 sample scored, anomaly=0, score=0.3881
ML cycle complete — 1 sample scored, anomaly=0, score=0.3894
ML cycle complete — 1 sample scored, anomaly=0, score=0.3878
ML cycle complete — 1 sample scored, anomaly=0, score=0.3783
ML cycle complete — 1 sample scored, anomaly=0, score=0.3891
ML cycle complete — 1 sample scored, anomaly=0, score=0.3878
ML cycle complete — 1 sample scored, anomaly=0, score=0.3894
ML cycle complete — 1 sample scored, anomaly=0, score=0.3758
!!! REPLAY ATTACK DETECTED !!! Replay attack: value 132.0 PSI appeared 57/59 times (97%) in 30 s — frozen telemetry injection
ML cycle complete — 1 sample scored, anomaly=0, score=0.3877
ML cycle complete — 1 sample scored, anomaly=0, score=0.3753
ML cycle complete — 1 sample scored, anomaly=0, score=0.3886
ML cycle complete — 1 sample scored, anomaly=0, score=0.3889
ML cycle complete — 1 sample scored, anomaly=0, score=0.3897
ML cycle complete — 1 sample scored, anomaly=0, score=0.3882
ML cycle complete — 1 sample scored, anomaly=0, score=0.3686
ML cycle complete — 1 sample scored, anomaly=0, score=0.3734
ML cycle complete — 1 sample scored, anomaly=0, score=0.3892
!!! REPLAY ATTACK DETECTED !!! Replay attack: value 132.0 PSI appeared 29/58 times (50%) in 30 s — frozen telemetry injection
ML cycle complete — 1 sample scored, anomaly=0, score=0.3885
ML cycle complete — 1 sample scored, anomaly=0, score=0.3893
ML cycle complete — 1 sample scored, anomaly=0, score=0.3889
ML cycle complete — 1 sample scored, anomaly=0, score=0.3881
ML cycle complete — 1 sample scored, anomaly=0, score=0.3871
ML cycle complete — 1 sample scored, anomaly=0, score=0.3900
ML cycle complete — 1 sample scored, anomaly=0, score=0.3891
ML cycle complete — 1 sample scored, anomaly=0, score=0.3886
ML cycle complete — 1 sample scored, anomaly=0, score=0.3873
!!! REPLAY ATTACK DETECTED !!! Replay attack: value 132.0 PSI appeared 37/59 times (63%) in 30 s — frozen telemetry injection
ML cycle complete — 1 sample scored, anomaly=0, score=0.3880
ML cycle complete — 1 sample scored, anomaly=0, score=0.3851
ML cycle complete — 1 sample scored, anomaly=0, score=0.3884
ML cycle complete — 1 sample scored, anomaly=0, score=0.3882
ML cycle complete — 1 sample scored, anomaly=0, score=0.3888
ML cycle complete — 1 sample scored, anomaly=0, score=0.3888
ML cycle complete — 1 sample scored, anomaly=0, score=0.3661
ML cycle complete — 1 sample scored, anomaly=0, score=0.3888
ML cycle complete — 1 sample scored, anomaly=0, score=0.3783
!!! REPLAY ATTACK DETECTED !!! Replay attack: value 132.0 PSI appeared 46/58 times (79%) in 30 s — frozen telemetry injection
ML cycle complete — 1 sample scored, anomaly=0, score=0.3892
ML cycle complete — 1 sample scored, anomaly=0, score=0.3877
ML cycle complete — 1 sample scored, anomaly=0, score=0.3885
ML cycle complete — 1 sample scored, anomaly=0, score=0.3881
ML cycle complete — 1 sample scored, anomaly=0, score=0.3885
ML cycle complete — 1 sample scored, anomaly=0, score=0.3562
ML cycle complete — 1 sample scored, anomaly=0, score=0.3886
ML cycle complete — 1 sample scored, anomaly=0, score=0.3755
ML cycle complete — 1 sample scored, anomaly=0, score=0.3894
!!! REPLAY ATTACK DETECTED !!! Replay attack: value 132.0 PSI appeared 39/58 times (67%) in 30 s — frozen telemetry injection
ML cycle complete — 1 sample scored, anomaly=0, score=0.3872
ML cycle complete — 1 sample scored, anomaly=0, score=0.3873
ML cycle complete — 1 sample scored, anomaly=0, score=0.3824
ML cycle complete — 1 sample scored, anomaly=0, score=0.3743
ML cycle complete — 1 sample scored, anomaly=0, score=0.3729
ML cycle complete — 1 sample scored, anomaly=0, score=0.3771
ML cycle complete — 1 sample scored, anomaly=0, score=0.3888
ML cycle complete — 1 sample scored, anomaly=0, score=0.3894
ML cycle complete — 1 sample scored, anomaly=0, score=0.3583
!!! SEMANTIC INJECTION DETECTED !!! Reg=100 Val=350
!!! REPLAY ATTACK DETECTED !!! Replay attack: value 131.0 PSI appeared 50/60 times (83%) in 30 s — frozen telemetry injection
ML cycle complete — 1 sample scored, anomaly=0, score=0.3773
!!! SEMANTIC INJECTION DETECTED !!! Reg=100 Val=155
!!! SEMANTIC INJECTION DETECTED !!! Reg=100 Val=150
!!! SEMANTIC INJECTION DETECTED !!! Reg=100 Val=145
!!! SEMANTIC INJECTION DETECTED !!! Reg=100 Val=140
!!! SEMANTIC INJECTION DETECTED !!! Reg=100 Val=135
ML cycle complete — 1 sample scored, anomaly=0, score=0.3518
!!! SEMANTIC INJECTION DETECTED !!! Reg=100 Val=195
!!! SEMANTIC INJECTION DETECTED !!! Reg=100 Val=190
!!! SEMANTIC INJECTION DETECTED !!! Reg=100 Val=185
!!! SEMANTIC INJECTION DETECTED !!! Reg=100 Val=180
!!! SEMANTIC INJECTION DETECTED !!! Reg=100 Val=175
ML cycle complete — 1 sample scored, anomaly=0, score=0.3508
!!! SEMANTIC INJECTION DETECTED !!! Reg=100 Val=195
!!! SEMANTIC INJECTION DETECTED !!! Reg=100 Val=190
!!! SEMANTIC INJECTION DETECTED !!! Reg=100 Val=185
!!! SEMANTIC INJECTION DETECTED !!! Reg=100 Val=180
!!! SEMANTIC INJECTION DETECTED !!! Reg=100 Val=175
!!! STEALTH_DRIFT !!! pressure_mean_dev=142.90 PSI
!!! OVER_PRESSURE !!! pressure=385.0 PSI (beyond physical engine maximum)
ML cycle complete — 1 sample scored, anomaly=0, score=-0.0114
!!! SEMANTIC INJECTION DETECTED !!! Reg=100 Val=195
!!! SEMANTIC INJECTION DETECTED !!! Reg=100 Val=190
!!! SEMANTIC INJECTION DETECTED !!! Reg=100 Val=185
!!! SEMANTIC INJECTION DETECTED !!! Reg=100 Val=180
!!! SEMANTIC INJECTION DETECTED !!! Reg=100 Val=175
!!! OVER_PRESSURE !!! pressure=444.0 PSI (beyond physical engine maximum)
ML cycle complete — 1 sample scored, anomaly=0, score=0.1096
!!! SEMANTIC INJECTION DETECTED !!! Reg=100 Val=195
!!! SEMANTIC INJECTION DETECTED !!! Reg=100 Val=190
!!! SEMANTIC INJECTION DETECTED !!! Reg=100 Val=185
!!! SEMANTIC INJECTION DETECTED !!! Reg=100 Val=180
!!! SEMANTIC INJECTION DETECTED !!! Reg=100 Val=175
!!! OVER_PRESSURE !!! pressure=449.0 PSI (beyond physical engine maximum)
ML cycle complete — 1 sample scored, anomaly=0, score=0.1629
!!! SEMANTIC INJECTION DETECTED !!! Reg=100 Val=195
!!! SEMANTIC INJECTION DETECTED !!! Reg=100 Val=190
!!! SEMANTIC INJECTION DETECTED !!! Reg=100 Val=185
!!! SEMANTIC INJECTION DETECTED !!! Reg=100 Val=180
!!! SEMANTIC INJECTION DETECTED !!! Reg=100 Val=175
!!! OVER_PRESSURE !!! pressure=450.0 PSI (beyond physical engine maximum)
ML cycle complete — 1 sample scored, anomaly=0, score=0.1656
!!! SEMANTIC INJECTION DETECTED !!! Reg=100 Val=195
!!! OVER_PRESSURE !!! pressure=450.0 PSI (beyond physical engine maximum)
ML cycle complete — 1 sample scored, anomaly=0, score=0.1643
!!! OVER_PRESSURE !!! pressure=450.0 PSI (beyond physical engine maximum)
ML cycle complete — 1 sample scored, anomaly=0, score=0.1534
!!! REPLAY ATTACK DETECTED !!! Replay attack: value 450.0 PSI appeared 41/58 times (71%) in 30 s — frozen telemetry injection
!!! OVER_PRESSURE !!! pressure=449.0 PSI (beyond physical engine maximum)
ML cycle complete — 1 sample scored, anomaly=0, score=0.1607
!!! OVER_PRESSURE !!! pressure=449.0 PSI (beyond physical engine maximum)
ML cycle complete — 1 sample scored, anomaly=0, score=0.1348
!!! CROSS_LAYER_ANOMALY !!! pressure_delta=-27.00 PSI with no write commands
!!! STEALTH_DRIFT !!! pressure_mean_dev=-86.70 PSI
ML cycle complete — 1 sample scored, anomaly=0, score=-0.0004
ML cycle complete — 1 sample scored, anomaly=0, score=0.0512
ML cycle complete — 1 sample scored, anomaly=0, score=0.1549
ML cycle complete — 1 sample scored, anomaly=0, score=0.2277
ML cycle complete — 1 sample scored, anomaly=0, score=0.2399
ML cycle complete — 1 sample scored, anomaly=0, score=0.2421
ML cycle complete — 1 sample scored, anomaly=0, score=0.2749
!!! REPLAY ATTACK DETECTED !!! Replay attack: value 84.0 PSI appeared 38/58 times (66%) in 30 s — frozen telemetry injection
ML cycle complete — 1 sample scored, anomaly=0, score=0.2429
ML cycle complete — 1 sample scored, anomaly=0, score=0.2240
ML cycle complete — 1 sample scored, anomaly=0, score=0.2321
ML cycle complete — 1 sample scored, anomaly=0, score=0.2503
ML cycle complete — 1 sample scored, anomaly=0, score=0.2498
ML cycle complete — 1 sample scored, anomaly=0, score=0.2318
ML cycle complete — 1 sample scored, anomaly=0, score=0.2351
